Resolving dependencies...
Downloading packages...
  _fe_analyzer_shared 80.0.0 (88.0.0 available)
  analyzer 7.3.0 (8.1.1 available)
  analyzer_plugin 0.13.0 (0.13.7 available)
  archive 4.0.3 (4.0.7 available)
  args 2.6.0 (2.7.0 available)
  async 2.11.0 (2.13.0 available)
  boolean_selector 2.1.1 (2.1.2 available)
  build 2.4.2 (3.0.2 available)
  build_config 1.1.2 (1.2.0 available)
  build_resolvers 2.4.4 (3.0.2 available)
  build_runner 2.4.15 (2.7.0 available)
  build_runner_core 8.0.0 (9.3.0 available)
  built_value 8.9.3 (8.11.1 available)
  characters 1.4.0 (1.4.1 available)
  checked_yaml 2.0.3 (2.0.4 available)
  clock 1.1.1 (1.1.2 available)
  custom_lint_core 0.7.5 (0.8.0 available)
  custom_lint_visitor 1.0.0+7.3.0 (1.0.0+7.7.0 available)
  dart_style 3.0.1 (3.1.2 available)
  daum_postcode_search 0.0.3 (0.0.4 available)
  decimal 3.2.1 (3.2.4 available)
  device_info_plus 11.3.0 (11.5.0 available)
  dio 5.8.0+1 (5.9.0 available)
  dio_web_adapter 2.1.0 (2.1.1 available)
  ffi 2.1.3 (2.1.4 available)
  file_picker 9.0.1 (10.3.2 available)
  flutter_plugin_android_lifecycle 2.0.24 (2.0.29 available)
  flutter_secure_storage_linux 1.2.2 (2.0.1 available)
  flutter_secure_storage_macos 3.1.3 (4.0.0 available)
  flutter_secure_storage_platform_interface 1.1.2 (2.0.1 available)
  flutter_secure_storage_web 1.2.1 (2.0.0 available)
  flutter_secure_storage_windows 3.1.2 (4.0.0 available)
  freezed 3.0.4 (3.2.0 available)
  freezed_annotation 3.0.0 (3.1.0 available)
  http 1.3.0 (1.5.0 available)
  image 4.5.3 (4.5.4 available)
  js 0.6.7 (0.7.2 available)
  json_serializable 6.9.4 (6.10.0 available)
  matcher 0.12.16+1 (0.12.17 available)
  material_color_utilities 0.11.1 (0.13.0 available)
  meta 1.16.0 (1.17.0 available)
  objectid 4.0.0 (4.0.1 available)
  package_config 2.1.1 (2.2.0 available)
  package_info_plus 8.3.0 (8.3.1 available)
  package_info_plus_platform_interface 3.2.0 (3.2.1 available)
  path 1.9.0 (1.9.1 available)
  path_provider_android 2.2.15 (2.2.17 available)
  path_provider_foundation 2.4.1 (2.4.2 available)
  permission_handler 11.4.0 (12.0.1 available)
  permission_handler_android 12.1.0 (13.0.1 available)
  permission_handler_apple 9.4.6 (9.4.7 available)
  petitparser 6.0.2 (7.0.1 available)
  posix 6.0.1 (6.0.3 available)
  protobuf 3.1.0 (4.2.0 available)
  pub_semver 2.1.5 (2.2.0 available)
  retrofit 4.4.2 (4.7.2 available)
  retrofit_generator 9.1.9 (10.0.2 available)
  shared_preferences 2.5.2 (2.5.3 available)
  shared_preferences_android 2.4.6 (2.4.12 available)
  source_gen 2.0.0 (3.1.0 available)
  source_helper 1.3.5 (1.3.7 available)
  source_span 1.10.0 (1.10.1 available)
  stack_trace 1.12.0 (1.12.1 available)
  stream_channel 2.1.2 (2.1.4 available)
  string_scanner 1.3.0 (1.4.1 available)
  term_glyph 1.2.1 (1.2.2 available)
  test_api 0.7.3 (0.7.7 available)
  url_launcher 6.3.1 (6.3.2 available)
  url_launcher_android 6.3.15 (6.3.18 available)
  url_launcher_ios 6.3.2 (6.3.4 available)
  url_launcher_macos 3.2.2 (3.2.3 available)
  url_launcher_web 2.4.0 (2.4.1 available)
> vector_math 2.2.0 (was 2.1.4)
  watcher 1.1.1 (1.1.3 available)
  web 1.1.0 (1.1.1 available)
  web_socket 0.1.6 (1.0.1 available)
  web_socket_channel 3.0.2 (3.0.3 available)
  win32 5.10.1 (5.14.0 available)
  win32_registry 1.1.5 (2.1.0 available)
  xml 6.5.0 (6.6.1 available)
Changed 1 dependency!
79 packages have newer versions incompatible with dependency constraints.
Try `flutter pub outdated` for more information.
