Resolving dependencies...
Downloading packages...
  async 2.12.0 (2.13.0 available)
  fake_async 1.3.2 (1.3.3 available)
  ffi 2.1.3 (2.1.4 available)
  file_picker 9.1.0 (9.2.0 available)
  flutter_secure_storage_linux 1.2.2 (2.0.1 available)
  flutter_secure_storage_macos 3.1.3 (4.0.0 available)
  flutter_secure_storage_platform_interface 1.1.2 (2.0.1 available)
  flutter_secure_storage_web 1.2.1 (2.0.0 available)
  flutter_secure_storage_windows 3.1.2 (4.0.0 available)
  intl 0.19.0 (0.20.2 available)
  js 0.6.7 (0.7.2 available)
  leak_tracker 10.0.8 (10.0.9 available)
  material_color_utilities 0.11.1 (0.12.0 available)
  petitparser 6.0.2 (6.1.0 available)
  sqflite 2.4.1 (2.4.2 available)
  sqflite_android 2.4.0 (2.4.1 available)
  sqflite_common 2.5.4+6 (2.5.5 available)
  sqflite_darwin 2.4.1+1 (2.4.2 available)
  synchronized 3.3.0+3 (3.3.1 available)
  vm_service 14.3.1 (15.0.0 available)
  win32 5.10.1 (5.12.0 available)
Got dependencies!
21 packages have newer versions incompatible with dependency constraints.
Try `flutter pub outdated` for more information.
