Resolving dependencies...
Downloading packages...
  args 2.6.0 (2.7.0 available)
  async 2.12.0 (2.13.0 available)
  ffi 2.1.3 (2.1.4 available)
  flutter_svg 2.0.16 (2.0.17 available)
  http 1.2.2 (1.3.0 available)
  intl 0.19.0 (0.20.2 available)
  material_color_utilities 0.11.1 (0.12.0 available)
  path_provider_android 2.2.15 (2.2.16 available)
  petitparser 6.0.2 (6.1.0 available)
  sqflite 2.4.1 (2.4.2 available)
  sqflite_android 2.4.0 (2.4.1 available)
  sqflite_common 2.5.4+6 (2.5.5 available)
  sqflite_darwin 2.4.1+1 (2.4.2 available)
  synchronized 3.3.0+3 (3.3.1 available)
  vector_graphics 1.1.15 (1.1.18 available)
  vector_graphics_codec 1.1.12 (1.1.13 available)
  web 1.1.0 (1.1.1 available)
Got dependencies!
17 packages have newer versions incompatible with dependency constraints.
Try `flutter pub outdated` for more information.
